[2025-11-13 22:58:53] AGV-1 loaded baggage 1
[2025-11-13 22:58:54] AGV-1 moving to Gate B
[2025-11-13 22:58:54] AGV-1 reached Gate B | Battery: 75.0%
[2025-11-13 22:58:56] AGV-1 unloaded baggage 1 into storage.
[2025-11-13 23:01:38] AGV-1 loaded baggage 1
[2025-11-13 23:01:39] AGV-1 moving to Gate B
[2025-11-13 23:01:39] AGV-1 reached Gate B | Battery: 75.0%
[2025-11-13 23:01:41] AGV-1 unloaded baggage 1 into storage.
[2025-11-13 23:01:52] AGV-1 loaded baggage 2
[2025-11-13 23:01:53] AGV-1 moving to Gate C
[2025-11-13 23:01:53] AGV-1 reached Gate C | Battery: 45.0%
[2025-11-13 23:01:55] AGV-1 unloaded baggage 2 into storage.
[2025-11-13 23:05:00] AGV-1 loaded baggage 1
[2025-11-13 23:05:02] AGV-1 moving to Gate B
[2025-11-13 23:05:02] AGV-1 reached Gate B | Battery: 75.0%
[2025-11-13 23:05:04] AGV-1 unloaded baggage 1 into storage.
[2025-11-13 23:05:05] AGV-1 loaded baggage 3
[2025-11-13 23:05:06] AGV-1 moving to Gate D
[2025-11-13 23:05:06] AGV-1 reached Gate D | Battery: 45.0%
[2025-11-13 23:05:08] AGV-1 unloaded baggage 3 into storage.
[2025-11-13 23:05:15] AGV-1 loaded baggage 2
[2025-11-13 23:05:17] AGV-1 moving to Gate C
[2025-11-13 23:05:17] AGV-1 reached Gate C | Battery: 15.0%
[2025-11-13 23:05:18] AGV-1 unloaded baggage 2 into storage.
[2025-11-13 23:05:55] AGV-1 loaded baggage 7
[2025-11-13 23:05:57] AGV-1 moving to Gate H
[2025-11-13 23:05:57] AGV-1 reached Gate H | Battery: 35.0%
[2025-11-13 23:05:58] AGV-1 unloaded baggage 7 into storage.
[2025-11-13 23:06:32] AGV-1 loaded baggage 1
[2025-11-13 23:06:33] AGV-1 moving to Gate B
[2025-11-13 23:06:33] AGV-1 reached Gate B | Battery: 75.0%
[2025-11-13 23:06:35] AGV-1 unloaded baggage 1 into storage.
[2025-11-13 23:06:51] AGV-1 loaded baggage 12
[2025-11-13 23:06:52] AGV-1 moving to Gate M
[2025-11-13 23:06:52] AGV-1 reached Gate M | Battery: 45.0%
[2025-11-13 23:06:54] AGV-1 unloaded baggage 12 into storage.
[2025-11-13 23:06:54] AGV-1 loaded baggage 11
[2025-11-13 23:06:56] AGV-1 moving to Gate L
[2025-11-13 23:06:56] AGV-1 reached Gate L | Battery: 15.0%
[2025-11-13 23:06:58] AGV-1 unloaded baggage 11 into storage.
[2025-11-13 23:06:59] AGV-1 loaded baggage 10
[2025-11-13 23:07:00] AGV-1 moving to Gate K
[2025-11-13 23:07:00] AGV-1 battery depleted to 0%. Marked as unavailable.
[2025-11-13 23:07:00] AGV-1 reached Gate K | Battery: 0.0%
[2025-11-13 23:07:00] AGV-1 battery reached 0%. AGV set to unavailable.
[2025-11-13 23:07:01] AGV-1 battery reached 0%. AGV set to unavailable.
[2025-11-13 23:07:01] AGV-1 battery reached 0%. AGV set to unavailable.
[2025-11-13 23:07:01] AGV-1 battery reached 0%. AGV set to unavailable.
[2025-11-13 23:07:02] AGV-1 battery reached 0%. AGV set to unavailable.
